Arguments: 
  C:\Program Files\nodejs\node.exe C:\Users\PRAJWAL SONTAKKE\AppData\Roaming\npm\node_modules\yarn\bin\yarn.js init

PATH: 
  C:\Users\PRAJWAL SONTAKKE\bin;C:\Program Files\Git\mingw64\bin;C:\Program Files\Git\usr\local\bin;C:\Program Files\Git\usr\bin;C:\Program Files\Git\usr\bin;C:\Program Files\Git\cmd;C:\Program Files\Common Files\Oracle\Java\javapath;C:\windows\system32;C:\windows;C:\windows\System32\Wbem;C:\windows\System32\WindowsPowerShell\v1.0;C:\windows\System32\OpenSSH;C:\Program Files (x86)\NVIDIA Corporation\PhysX\Common;C:\Program Files\NVIDIA Corporation\NVIDIA NvDLISR;C:\Program Files\Git\cmd;C:\Program Files\nodejs;C:\WINDOWS\system32;C:\WINDOWS;C:\WINDOWS\System32\Wbem;C:\WINDOWS\System32\WindowsPowerShell\v1.0;C:\WINDOWS\System32\OpenSSH;C:\Users\PRAJWAL SONTAKKE\AppData\Local\Programs\Python\Python39;C:\Users\PRAJWAL SONTAKKE\AppData\Local\Programs\Python\Python39\Scripts;C:\Users\PRAJWAL SONTAKKE\anaconda3;C:\Users\PRAJWAL SONTAKKE\anaconda3\Library\mingw-w64\bin;C:\Users\PRAJWAL SONTAKKE\anaconda3\Library\usr\bin;C:\Users\PRAJWAL SONTAKKE\anaconda3\Library\bin;C:\Users\PRAJWAL SONTAKKE\anaconda3\Scripts;C:\MinGW\bin;C:\Users\PRAJWAL SONTAKKE\AppData\Local\Microsoft\WindowsApps;C:\Program Files\Java\jdk-14.0.2\bin;C:\Users\PRAJWAL SONTAKKE\AppData\Local\Programs\Microsoft VS Code\bin;C:\Users\PRAJWAL SONTAKKE\AppData\Local\atom\bin;C:\Users\PRAJWAL SONTAKKE\AppData\Local\hyper\app-3.0.2\resources\bin;C:\Users\PRAJWAL SONTAKKE\AppData\Roaming\npm;C:\Users\PRAJWAL SONTAKKE\AppData\Local\Microsoft\WindowsApps;C:\Program Files\Git\usr\bin\vendor_perl;C:\Program Files\Git\usr\bin\core_perl

Yarn version: 
  1.22.10

Node version: 
  15.11.0

Platform: 
  win32 x64

Trace: 
  Error: canceled
      at Interface.<anonymous> (C:\Users\PRAJWAL SONTAKKE\AppData\Roaming\npm\node_modules\yarn\lib\cli.js:136216:13)
      at Interface.emit (node:events:378:20)
      at Interface._ttyWrite (node:readline:973:16)
      at ReadStream.onkeypress (node:readline:259:10)
      at ReadStream.emit (node:events:378:20)
      at emitKeys (node:internal/readline/utils:358:14)
      at emitKeys.next (<anonymous>)
      at ReadStream.onData (node:readline:1242:36)
      at ReadStream.emit (node:events:378:20)
      at addChunk (node:internal/streams/readable:313:12)

npm manifest: 
  No manifest

yarn manifest: 
  No manifest

Lockfile: 
  No lockfile
